<?xml version="1.0" encoding="UTF-8"?>
<!-- Generated by org.testng.reporters.JUnitReportReporter -->
<testsuite hostname="01hw1761310" failures="0" tests="1" name="Maven_Project.Amazon.E2E_Amazon" time="15.980" errors="0" timestamp="2024-03-13T08:48:20 IST" skipped="0">
  <testcase classname="Maven_Project.Amazon.E2E_Amazon" name="m1" time="15.980"/>
  <system-out/>
</testsuite> <!-- Maven_Project.Amazon.E2E_Amazon -->
