<?xml version="1.0" encoding="UTF-8"?>
<!-- Generated by org.testng.reporters.JUnitReportReporter -->
<testsuite hostname="01hw1761310" failures="0" tests="2" name="parentjava.Test_E2E_Amazon" time="108.395" errors="0" timestamp="2024-04-03T15:14:41 IST" skipped="0">
  <testcase classname="parentjava.Test_E2E_Amazon" name="m3" time="8.248"/>
  <testcase classname="parentjava.Test_E2E_Amazon" name="m1" time="100.147"/>
</testsuite> <!-- parentjava.Test_E2E_Amazon -->
